#-----------------------------------------------------------
# Vivado v2018.3 (64-bit)
# SW Build 2405991 on Thu Dec  6 23:38:27 MST 2018
# IP Build 2404404 on Fri Dec  7 01:43:56 MST 2018
# Start of session at: Wed Jan 30 15:16:34 2019
# Process ID: 1628
# Current directory: C:/Users/Axelb/Documents/School/WSU Spring 2019/ECE 324/Homework2
# Command line: vivado.exe -gui_launcher_event rodinguilauncherevent5952 C:\Users\Axelb\Documents\School\WSU Spring 2019\ECE 324\Homework2\Homework2.xpr
# Log file: C:/Users/Axelb/Documents/School/WSU Spring 2019/ECE 324/Homework2/vivado.log
# Journal file: C:/Users/Axelb/Documents/School/WSU Spring 2019/ECE 324/Homework2\vivado.jou
#-----------------------------------------------------------
start_gui
open_project {C:/Users/Axelb/Documents/School/WSU Spring 2019/ECE 324/Homework2/Homework2.xpr}
Scanning sources...
Finished scanning sources
INFO: [IP_Flow 19-234] Refreshing IP repositories
INFO: [IP_Flow 19-1704] No user IP repositories specified
INFO: [IP_Flow 19-2313] Loaded Vivado IP repository 'C:/Xilinx/Vivado/2018.3/data/ip'.
open_project: Time (s): cpu = 00:00:13 ; elapsed = 00:00:06 . Memory (MB): peak = 685.250 ; gain = 107.098
update_compile_order -fileset sources_1
launch_simulation
INFO: [Vivado 12-5682] Launching behavioral simulation in 'C:/Users/Axelb/Documents/School/WSU Spring 2019/ECE 324/Homework2/Homework2.sim/sim_1/behav/xsim'
INFO: [SIM-utils-51] Simulation object is 'sim_1'
INFO: [SIM-utils-54] Inspecting design source files for 'shifterTB' in fileset 'sim_1'...
INFO: [USF-XSim-97] Finding global include files...
INFO: [USF-XSim-98] Fetching design files from 'sim_1'...
INFO: [USF-XSim-2] XSim::Compile design
INFO: [USF-XSim-61] Executing 'COMPILE and ANALYZE' step in 'C:/Users/Axelb/Documents/School/WSU Spring 2019/ECE 324/Homework2/Homework2.sim/sim_1/behav/xsim'
"xvlog --incr --relax -prj shifterTB_vlog.prj"
INFO: [VRFC 10-2263] Analyzing SystemVerilog file "C:/Users/Axelb/Documents/School/WSU Spring 2019/ECE 324/Homework2/Homework2.srcs/sources_1/new/shifter.sv" into library xil_defaultlib
INFO: [VRFC 10-311] analyzing module shifter
INFO: [VRFC 10-2263] Analyzing SystemVerilog file "C:/Users/Axelb/Documents/School/WSU Spring 2019/ECE 324/Homework2/Homework2.srcs/sim_1/new/shifterTB.v" into library xil_defaultlib
INFO: [VRFC 10-311] analyzing module shifterTB
INFO: [USF-XSim-69] 'compile' step finished in '2' seconds
INFO: [USF-XSim-3] XSim::Elaborate design
INFO: [USF-XSim-61] Executing 'ELABORATE' step in 'C:/Users/Axelb/Documents/School/WSU Spring 2019/ECE 324/Homework2/Homework2.sim/sim_1/behav/xsim'
Vivado Simulator 2018.3
Copyright 1986-1999, 2001-2018 Xilinx, Inc. All Rights Reserved.
Running: C:/Xilinx/Vivado/2018.3/bin/unwrapped/win64.o/xelab.exe -wto dd281e4b409e4828a325e8d63405a7f6 --incr --debug typical --relax --mt 2 -L xil_defaultlib -L unisims_ver -L unimacro_ver -L secureip --snapshot shifterTB_behav xil_defaultlib.shifterTB xil_defaultlib.glbl -log elaborate.log 
Using 2 slave threads.
Starting static elaboration
Completed static elaboration
Starting simulation data flow analysis
Completed simulation data flow analysis
Time Resolution for simulation is 1ps
Compiling module xil_defaultlib.shifter
Compiling module xil_defaultlib.shifterTB
Compiling module xil_defaultlib.glbl
Built simulation snapshot shifterTB_behav

****** Webtalk v2018.3 (64-bit)
  **** SW Build 2405991 on Thu Dec  6 23:38:27 MST 2018
  **** IP Build 2404404 on Fri Dec  7 01:43:56 MST 2018
    ** Copyright 1986-2018 Xilinx, Inc. All Rights Reserved.

source C:/Users/Axelb/Documents/School/WSU -notrace
invalid command name "%"
    while executing
"% Total    % Received % Xferd  Average Speed   Time    Time     Time  Current"
    (file "C:/Users/Axelb/Documents/School/WSU" line 1)
INFO: [Common 17-206] Exiting Webtalk at Wed Jan 30 15:21:29 2019...
INFO: [USF-XSim-69] 'elaborate' step finished in '4' seconds
INFO: [USF-XSim-4] XSim::Simulate design
INFO: [USF-XSim-61] Executing 'SIMULATE' step in 'C:/Users/Axelb/Documents/School/WSU Spring 2019/ECE 324/Homework2/Homework2.sim/sim_1/behav/xsim'
INFO: [USF-XSim-98] *** Running xsim
   with args "shifterTB_behav -key {Behavioral:sim_1:Functional:shifterTB} -tclbatch {shifterTB.tcl} -view {{C:/Users/Axelb/Documents/School/WSU Spring 2019/ECE 324/Homework2/shifterTB_behav.wcfg}} -log {simulate.log}"
INFO: [USF-XSim-8] Loading simulator feature
Vivado Simulator 2018.3
Time resolution is 1 ps
open_wave_config {C:/Users/Axelb/Documents/School/WSU Spring 2019/ECE 324/Homework2/shifterTB_behav.wcfg}
source shifterTB.tcl
# set curr_wave [current_wave_config]
# if { [string length $curr_wave] == 0 } {
#   if { [llength [get_objects]] > 0} {
#     add_wave /
#     set_property needs_save false [current_wave_config]
#   } else {
#      send_msg_id Add_Wave-1 WARNING "No top level signals found. Simulator will start without a wave window. If you want to open a wave window go to 'File->New Waveform Configuration' or type 'create_wave_config' in the TCL console."
#   }
# }
# run 1000ns
INFO: [USF-XSim-96] XSim completed. Design snapshot 'shifterTB_behav' loaded.
INFO: [USF-XSim-97] XSim simulation ran for 1000ns
launch_simulation: Time (s): cpu = 00:00:08 ; elapsed = 00:00:09 . Memory (MB): peak = 723.824 ; gain = 22.113
close_sim
INFO: [Simtcl 6-16] Simulation closed
exit
INFO: [Common 17-206] Exiting Vivado at Wed Jan 30 15:28:30 2019...
