
*** Running vivado
    with args -log Lab6_Tennis.vds -m64 -product Vivado -mode batch -messageDb vivado.pb -notrace -source Lab6_Tennis.tcl


****** Vivado v2018.3 (64-bit)
  **** SW Build 2405991 on Thu Dec  6 23:38:27 MST 2018
  **** IP Build 2404404 on Fri Dec  7 01:43:56 MST 2018
    ** Copyright 1986-2018 Xilinx, Inc. All Rights Reserved.

source Lab6_Tennis.tcl -notrace
Command: synth_design -top Lab6_Tennis -part xc7a100tcsg324-1
Starting synth_design
Attempting to get a license for feature 'Synthesis' and/or device 'xc7a100t'
INFO: [Common 17-349] Got license for feature 'Synthesis' and/or device 'xc7a100t'
INFO: Launching helper process for spawning children vivado processes
INFO: Helper process launched with PID 17360 
---------------------------------------------------------------------------------
Starting RTL Elaboration : Time (s): cpu = 00:00:02 ; elapsed = 00:00:02 . Memory (MB): peak = 362.207 ; gain = 100.918
---------------------------------------------------------------------------------
INFO: [Synth 8-6157] synthesizing module 'Lab6_Tennis' [C:/Users/Axelb/Documents/School/WSU Spring 2019/ECE 324/Lab6/Lab6_Tennis.sv:16]
	Parameter BITS_IN_CLK_COUNTER bound to: 25 - type: integer 
	Parameter BITS_IN_DISPLAY_COUNTER bound to: 19 - type: integer 
INFO: [Synth 8-5534] Detected attribute (* rom_style = "block" *) [C:/Users/Axelb/Documents/School/WSU Spring 2019/ECE 324/Lab6/Lab6_Tennis.sv:41]
INFO: [Synth 8-3876] $readmem data file 'TennisDisplayMem.txt' is read successfully [C:/Users/Axelb/Documents/School/WSU Spring 2019/ECE 324/Lab6/Lab6_Tennis.sv:43]
INFO: [Synth 8-6157] synthesizing module 'free_run_bin_counter' [C:/Users/Axelb/Documents/School/WSU Spring 2019/ECE 324/Lab6/free_run_bin_counter.sv:2]
	Parameter N bound to: 25 - type: integer 
INFO: [Synth 8-6155] done synthesizing module 'free_run_bin_counter' (1#1) [C:/Users/Axelb/Documents/School/WSU Spring 2019/ECE 324/Lab6/free_run_bin_counter.sv:2]
INFO: [Synth 8-6157] synthesizing module 'free_run_shift_reg' [C:/Users/Axelb/Documents/School/WSU Spring 2019/ECE 324/Lab6/free_run_shift_reg.sv:3]
	Parameter N bound to: 4 - type: integer 
INFO: [Synth 8-6155] done synthesizing module 'free_run_shift_reg' (2#1) [C:/Users/Axelb/Documents/School/WSU Spring 2019/ECE 324/Lab6/free_run_shift_reg.sv:3]
INFO: [Synth 8-6157] synthesizing module 'risingEdgeDetector' [C:/Users/Axelb/Documents/School/WSU Spring 2019/ECE 324/Lab6/risingEdgeDetector.sv:7]
INFO: [Synth 8-6155] done synthesizing module 'risingEdgeDetector' (3#1) [C:/Users/Axelb/Documents/School/WSU Spring 2019/ECE 324/Lab6/risingEdgeDetector.sv:7]
INFO: [Synth 8-6157] synthesizing module 'free_run_bin_counter__parameterized0' [C:/Users/Axelb/Documents/School/WSU Spring 2019/ECE 324/Lab6/free_run_bin_counter.sv:2]
	Parameter N bound to: 19 - type: integer 
INFO: [Synth 8-6155] done synthesizing module 'free_run_bin_counter__parameterized0' (3#1) [C:/Users/Axelb/Documents/School/WSU Spring 2019/ECE 324/Lab6/free_run_bin_counter.sv:2]
INFO: [Synth 8-6155] done synthesizing module 'Lab6_Tennis' (4#1) [C:/Users/Axelb/Documents/School/WSU Spring 2019/ECE 324/Lab6/Lab6_Tennis.sv:16]
---------------------------------------------------------------------------------
Finished RTL Elaboration : Time (s): cpu = 00:00:03 ; elapsed = 00:00:03 . Memory (MB): peak = 418.012 ; gain = 156.723
---------------------------------------------------------------------------------

Report Check Netlist: 
+------+------------------+-------+---------+-------+------------------+
|      |Item              |Errors |Warnings |Status |Description       |
+------+------------------+-------+---------+-------+------------------+
|1     |multi_driven_nets |      0|        0|Passed |Multi driven nets |
+------+------------------+-------+---------+-------+------------------+
---------------------------------------------------------------------------------
Start Handling Custom Attributes
---------------------------------------------------------------------------------
---------------------------------------------------------------------------------
Finished Handling Custom Attributes : Time (s): cpu = 00:00:03 ; elapsed = 00:00:03 . Memory (MB): peak = 418.012 ; gain = 156.723
---------------------------------------------------------------------------------
---------------------------------------------------------------------------------
Finished RTL Optimization Phase 1 : Time (s): cpu = 00:00:03 ; elapsed = 00:00:03 . Memory (MB): peak = 418.012 ; gain = 156.723
---------------------------------------------------------------------------------
INFO: [Device 21-403] Loading part xc7a100tcsg324-1
INFO: [Project 1-570] Preparing netlist for logic optimization

Processing XDC Constraints
Initializing timing engine
Parsing XDC File [C:/Users/Axelb/Documents/School/WSU Spring 2019/ECE 324/Lab6/Lab6_Tennis.xdc]
Finished Parsing XDC File [C:/Users/Axelb/Documents/School/WSU Spring 2019/ECE 324/Lab6/Lab6_Tennis.xdc]
INFO: [Project 1-236] Implementation specific constraints were found while reading constraint file [C:/Users/Axelb/Documents/School/WSU Spring 2019/ECE 324/Lab6/Lab6_Tennis.xdc]. These constraints will be ignored for synthesis but will be used in implementation. Impacted constraints are listed in the file [.Xil/Lab6_Tennis_propImpl.xdc].
Resolution: To avoid this warning, move constraints listed in [.Xil/Lab6_Tennis_propImpl.xdc] to another XDC file and exclude this new file from synthesis with the used_in_synthesis property (File Properties dialog in GUI) and re-run elaboration/synthesis.
Netlist sorting complete. Time (s): cpu = 00:00:00 ; elapsed = 00:00:00 . Memory (MB): peak = 755.691 ; gain = 0.000
Completed Processing XDC Constraints

Netlist sorting complete. Time (s): cpu = 00:00:00 ; elapsed = 00:00:00 . Memory (MB): peak = 755.691 ; gain = 0.000
INFO: [Project 1-111] Unisim Transformation Summary:
No Unisim elements were transformed.

Netlist sorting complete. Time (s): cpu = 00:00:00 ; elapsed = 00:00:00 . Memory (MB): peak = 755.691 ; gain = 0.000
Constraint Validation Runtime : Time (s): cpu = 00:00:00 ; elapsed = 00:00:00.008 . Memory (MB): peak = 755.691 ; gain = 0.000
---------------------------------------------------------------------------------
Finished Constraint Validation : Time (s): cpu = 00:00:11 ; elapsed = 00:00:11 . Memory (MB): peak = 755.691 ; gain = 494.402
---------------------------------------------------------------------------------
---------------------------------------------------------------------------------
Start Loading Part and Timing Information
---------------------------------------------------------------------------------
Loading part: xc7a100tcsg324-1
---------------------------------------------------------------------------------
Finished Loading Part and Timing Information : Time (s): cpu = 00:00:11 ; elapsed = 00:00:11 . Memory (MB): peak = 755.691 ; gain = 494.402
---------------------------------------------------------------------------------
---------------------------------------------------------------------------------
Start Applying 'set_property' XDC Constraints
---------------------------------------------------------------------------------
---------------------------------------------------------------------------------
Finished applying 'set_property' XDC Constraints : Time (s): cpu = 00:00:11 ; elapsed = 00:00:11 . Memory (MB): peak = 755.691 ; gain = 494.402
---------------------------------------------------------------------------------
INFO: [Synth 8-5547] Trying to map ROM "displayMem" into Block RAM due to explicit "ram_style" or "rom_style" specification
---------------------------------------------------------------------------------
Finished RTL Optimization Phase 2 : Time (s): cpu = 00:00:11 ; elapsed = 00:00:12 . Memory (MB): peak = 755.691 ; gain = 494.402
---------------------------------------------------------------------------------

Report RTL Partitions: 
+-+--------------+------------+----------+
| |RTL Partition |Replication |Instances |
+-+--------------+------------+----------+
+-+--------------+------------+----------+
---------------------------------------------------------------------------------
Start RTL Component Statistics 
---------------------------------------------------------------------------------
Detailed RTL Component Info : 
+---Registers : 
	                8 Bit    Registers := 3     
	                4 Bit    Registers := 3     
	                1 Bit    Registers := 4     
+---ROMs : 
	                              ROMs := 1     
+---Muxes : 
	   3 Input      8 Bit        Muxes := 1     
	   8 Input      8 Bit        Muxes := 1     
	   9 Input      3 Bit        Muxes := 2     
---------------------------------------------------------------------------------
Finished RTL Component Statistics 
---------------------------------------------------------------------------------
---------------------------------------------------------------------------------
Start RTL Hierarchical Component Statistics 
---------------------------------------------------------------------------------
Hierarchical RTL Component report 
Module Lab6_Tennis 
Detailed RTL Component Info : 
+---Registers : 
	                8 Bit    Registers := 3     
	                1 Bit    Registers := 3     
+---ROMs : 
	                              ROMs := 1     
+---Muxes : 
	   3 Input      8 Bit        Muxes := 1     
	   8 Input      8 Bit        Muxes := 1     
	   9 Input      3 Bit        Muxes := 2     
Module free_run_shift_reg 
Detailed RTL Component Info : 
+---Registers : 
	                4 Bit    Registers := 1     
Module risingEdgeDetector 
Detailed RTL Component Info : 
+---Registers : 
	                1 Bit    Registers := 1     
---------------------------------------------------------------------------------
Finished RTL Hierarchical Component Statistics
---------------------------------------------------------------------------------
---------------------------------------------------------------------------------
Start Part Resource Summary
---------------------------------------------------------------------------------
Part Resources:
DSPs: 240 (col length:80)
BRAMs: 270 (col length: RAMB18 80 RAMB36 40)
---------------------------------------------------------------------------------
Finished Part Resource Summary
---------------------------------------------------------------------------------
---------------------------------------------------------------------------------
Start Cross Boundary and Area Optimization
---------------------------------------------------------------------------------
Warning: Parallel synthesis criteria is not met 
INFO: [Synth 8-5547] Trying to map ROM "p_0_out" into Block RAM due to explicit "ram_style" or "rom_style" specification
---------------------------------------------------------------------------------
Finished Cross Boundary and Area Optimization : Time (s): cpu = 00:00:12 ; elapsed = 00:00:12 . Memory (MB): peak = 755.691 ; gain = 494.402
---------------------------------------------------------------------------------
---------------------------------------------------------------------------------
Start ROM, RAM, DSP and Shift Register Reporting
---------------------------------------------------------------------------------

ROM:
+------------+-------------------+---------------+----------------+
|Module Name | RTL Object        | Depth x Width | Implemented As | 
+------------+-------------------+---------------+----------------+
|Lab6_Tennis | displayMemOut_reg | 256x8         | Block RAM      | 
+------------+-------------------+---------------+----------------+

---------------------------------------------------------------------------------
Finished ROM, RAM, DSP and Shift Register Reporting
---------------------------------------------------------------------------------
INFO: [Synth 8-6837] The timing for the instance i_0/displayMemOut_reg (implemented as a Block RAM) might be sub-optimal as no optional output register could be merged into the block ram. Providing additional output register may help in improving timing.

Report RTL Partitions: 
+-+--------------+------------+----------+
| |RTL Partition |Replication |Instances |
+-+--------------+------------+----------+
+-+--------------+------------+----------+
---------------------------------------------------------------------------------
Start Applying XDC Timing Constraints
---------------------------------------------------------------------------------
---------------------------------------------------------------------------------
Finished Applying XDC Timing Constraints : Time (s): cpu = 00:00:19 ; elapsed = 00:00:20 . Memory (MB): peak = 757.090 ; gain = 495.801
---------------------------------------------------------------------------------
---------------------------------------------------------------------------------
Start Timing Optimization
---------------------------------------------------------------------------------
---------------------------------------------------------------------------------
Finished Timing Optimization : Time (s): cpu = 00:00:19 ; elapsed = 00:00:20 . Memory (MB): peak = 776.578 ; gain = 515.289
---------------------------------------------------------------------------------

Report RTL Partitions: 
+-+--------------+------------+----------+
| |RTL Partition |Replication |Instances |
+-+--------------+------------+----------+
+-+--------------+------------+----------+
---------------------------------------------------------------------------------
Start Technology Mapping
---------------------------------------------------------------------------------
INFO: [Synth 8-6837] The timing for the instance displayMemOut_reg (implemented as a Block RAM) might be sub-optimal as no optional output register could be merged into the block ram. Providing additional output register may help in improving timing.
---------------------------------------------------------------------------------
Finished Technology Mapping : Time (s): cpu = 00:00:19 ; elapsed = 00:00:20 . Memory (MB): peak = 777.348 ; gain = 516.059
---------------------------------------------------------------------------------

Report RTL Partitions: 
+-+--------------+------------+----------+
| |RTL Partition |Replication |Instances |
+-+--------------+------------+----------+
+-+--------------+------------+----------+
---------------------------------------------------------------------------------
Start IO Insertion
---------------------------------------------------------------------------------
---------------------------------------------------------------------------------
Start Flattening Before IO Insertion
---------------------------------------------------------------------------------
---------------------------------------------------------------------------------
Finished Flattening Before IO Insertion
---------------------------------------------------------------------------------
---------------------------------------------------------------------------------
Start Final Netlist Cleanup
---------------------------------------------------------------------------------
---------------------------------------------------------------------------------
Finished Final Netlist Cleanup
---------------------------------------------------------------------------------
---------------------------------------------------------------------------------
Finished IO Insertion : Time (s): cpu = 00:00:20 ; elapsed = 00:00:21 . Memory (MB): peak = 777.348 ; gain = 516.059
---------------------------------------------------------------------------------

Report Check Netlist: 
+------+------------------+-------+---------+-------+------------------+
|      |Item              |Errors |Warnings |Status |Description       |
+------+------------------+-------+---------+-------+------------------+
|1     |multi_driven_nets |      0|        0|Passed |Multi driven nets |
+------+------------------+-------+---------+-------+------------------+
---------------------------------------------------------------------------------
Start Renaming Generated Instances
---------------------------------------------------------------------------------
---------------------------------------------------------------------------------
Finished Renaming Generated Instances : Time (s): cpu = 00:00:20 ; elapsed = 00:00:21 . Memory (MB): peak = 777.348 ; gain = 516.059
---------------------------------------------------------------------------------

Report RTL Partitions: 
+-+--------------+------------+----------+
| |RTL Partition |Replication |Instances |
+-+--------------+------------+----------+
+-+--------------+------------+----------+
---------------------------------------------------------------------------------
Start Rebuilding User Hierarchy
---------------------------------------------------------------------------------
---------------------------------------------------------------------------------
Finished Rebuilding User Hierarchy : Time (s): cpu = 00:00:20 ; elapsed = 00:00:21 . Memory (MB): peak = 777.348 ; gain = 516.059
---------------------------------------------------------------------------------
---------------------------------------------------------------------------------
Start Renaming Generated Ports
---------------------------------------------------------------------------------
---------------------------------------------------------------------------------
Finished Renaming Generated Ports : Time (s): cpu = 00:00:20 ; elapsed = 00:00:21 . Memory (MB): peak = 777.348 ; gain = 516.059
---------------------------------------------------------------------------------
---------------------------------------------------------------------------------
Start Handling Custom Attributes
---------------------------------------------------------------------------------
---------------------------------------------------------------------------------
Finished Handling Custom Attributes : Time (s): cpu = 00:00:20 ; elapsed = 00:00:21 . Memory (MB): peak = 777.348 ; gain = 516.059
---------------------------------------------------------------------------------
---------------------------------------------------------------------------------
Start Renaming Generated Nets
---------------------------------------------------------------------------------
---------------------------------------------------------------------------------
Finished Renaming Generated Nets : Time (s): cpu = 00:00:20 ; elapsed = 00:00:21 . Memory (MB): peak = 777.348 ; gain = 516.059
---------------------------------------------------------------------------------
---------------------------------------------------------------------------------
Start ROM, RAM, DSP and Shift Register Reporting
---------------------------------------------------------------------------------

Static Shift Register Report:
+------------+------------------------------+--------+-------+--------------+--------------------+-------------------+--------+---------+
|Module Name | RTL Name                     | Length | Width | Reset Signal | Pull out first Reg | Pull out last Reg | SRL16E | SRLC32E | 
+------------+------------------------------+--------+-------+--------------+--------------------+-------------------+--------+---------+
|Lab6_Tennis | swingLeft_instance/q_reg[0]  | 4      | 1     | NO           | YES                | YES               | 1      | 0       | 
|Lab6_Tennis | swingRight_instance/q_reg[0] | 4      | 1     | NO           | YES                | YES               | 1      | 0       | 
|Lab6_Tennis | toss_instance/q_reg[0]       | 4      | 1     | NO           | YES                | YES               | 1      | 0       | 
+------------+------------------------------+--------+-------+--------------+--------------------+-------------------+--------+---------+

---------------------------------------------------------------------------------
Finished ROM, RAM, DSP and Shift Register Reporting
---------------------------------------------------------------------------------
---------------------------------------------------------------------------------
Start Writing Synthesis Report
---------------------------------------------------------------------------------

Report BlackBoxes: 
+-+--------------+----------+
| |BlackBox name |Instances |
+-+--------------+----------+
+-+--------------+----------+

Report Cell Usage: 
+------+---------+------+
|      |Cell     |Count |
+------+---------+------+
|1     |BUFG     |     1|
|2     |CARRY4   |    12|
|3     |LUT1     |    10|
|4     |LUT2     |     1|
|5     |LUT3     |    10|
|6     |LUT4     |    10|
|7     |LUT5     |     5|
|8     |LUT6     |     5|
|9     |RAMB18E1 |     1|
|10    |SRL16E   |     3|
|11    |FDRE     |    56|
|12    |FDSE     |    14|
|13    |IBUF     |     4|
|14    |OBUF     |    16|
+------+---------+------+

Report Instance Areas: 
+------+----------------------+-------------------------------------+------+
|      |Instance              |Module                               |Cells |
+------+----------------------+-------------------------------------+------+
|1     |top                   |                                     |   148|
|2     |  clkCounter_instance |free_run_bin_counter                 |    40|
|3     |  dcountinstance      |free_run_bin_counter__parameterized0 |    33|
|4     |  nHit_instance       |risingEdgeDetector                   |     1|
|5     |  swingLeft_instance  |free_run_shift_reg                   |     4|
|6     |  swingRight_instance |free_run_shift_reg_0                 |     6|
|7     |  toss_instance       |free_run_shift_reg_1                 |     4|
+------+----------------------+-------------------------------------+------+
---------------------------------------------------------------------------------
Finished Writing Synthesis Report : Time (s): cpu = 00:00:20 ; elapsed = 00:00:21 . Memory (MB): peak = 777.348 ; gain = 516.059
---------------------------------------------------------------------------------
Synthesis finished with 0 errors, 0 critical warnings and 0 warnings.
Synthesis Optimization Runtime : Time (s): cpu = 00:00:12 ; elapsed = 00:00:15 . Memory (MB): peak = 777.348 ; gain = 178.379
Synthesis Optimization Complete : Time (s): cpu = 00:00:20 ; elapsed = 00:00:21 . Memory (MB): peak = 777.348 ; gain = 516.059
INFO: [Project 1-571] Translating synthesized netlist
INFO: [Netlist 29-17] Analyzing 13 Unisim elements for replacement
INFO: [Netlist 29-28] Unisim Transformation completed in 0 CPU seconds
INFO: [Project 1-570] Preparing netlist for logic optimization
INFO: [Opt 31-138] Pushed 0 inverter(s) to 0 load pin(s).
Netlist sorting complete. Time (s): cpu = 00:00:00 ; elapsed = 00:00:00 . Memory (MB): peak = 781.777 ; gain = 0.000
INFO: [Project 1-111] Unisim Transformation Summary:
No Unisim elements were transformed.

INFO: [Common 17-83] Releasing license: Synthesis
28 Infos, 0 Warnings, 0 Critical Warnings and 0 Errors encountered.
synth_design completed successfully
synth_design: Time (s): cpu = 00:00:22 ; elapsed = 00:00:23 . Memory (MB): peak = 781.777 ; gain = 530.766
Netlist sorting complete. Time (s): cpu = 00:00:00 ; elapsed = 00:00:00 . Memory (MB): peak = 781.777 ; gain = 0.000
WARNING: [Constraints 18-5210] No constraints selected for write.
Resolution: This message can indicate that there are no constraints for the design, or it can indicate that the used_in flags are set such that the constraints are ignored. This later case is used when running synth_design to not write synthesis constraints to the resulting checkpoint. Instead, project constraints are read when the synthesized design is opened.
INFO: [Common 17-1381] The checkpoint 'C:/Users/Axelb/Documents/School/WSU Spring 2019/ECE 324/Lab6/Lab6.runs/synth_1/Lab6_Tennis.dcp' has been generated.
INFO: [runtcl-4] Executing : report_utilization -file Lab6_Tennis_utilization_synth.rpt -pb Lab6_Tennis_utilization_synth.pb
INFO: [Common 17-206] Exiting Vivado at Thu Feb 14 13:05:01 2019...
